[   163.465] 
X.Org X Server 1.18.4
Release Date: 2016-07-19
[   163.469] X Protocol Version 11, Revision 0
[   163.470] Build Operating System: Linux 4.4.26-v7+ armv7l Raspbian
[   163.473] Current Operating System: Linux RevPi1002573583 4.9.76-rt60-v7+ #1 SMP PREEMPT RT Mon, 09 Apr 2018 12:35:50 +0200 armv7l
[   163.473] Kernel command line: bcm2708_fb.fbwidth=640 bcm2708_fb.fbheight=480 bcm2708_fb.fbswap=1 vc_mem.mem_base=0x3dc00000 vc_mem.mem_size=0x3f000000  dwc_otg.lpm_enable=0 console=tty1 root=/dev/mmcblk0p2 rootfstype=ext4 elevator=deadline fsck.repair=yes rootwait nosplash smsc95xx.macaddr=c8:3e:a7:00:1e:99
[   163.481] Build Date: 11 November 2016  11:59:59AM
[   163.483] xorg-server 2:1.18.4-2+rpi1 (https://www.debian.org/support) 
[   163.484] Current version of pixman: 0.33.3
[   163.487] 	Before reporting problems, check http://wiki.x.org
	to make sure that you have the latest version.
[   163.487] Markers: (--) probed, (**) from config file, (==) default setting,
	(++) from command line, (!!) notice, (II) informational,
	(WW) warning, (EE) error, (NI) not implemented, (??) unknown.
[   163.496] (==) Log file: "/home/pi/.local/share/xorg/Xorg.0.log", Time: Thu Jan  1 01:02:43 1970
[   163.500] (==) Using system config directory "/usr/share/X11/xorg.conf.d"
[   163.502] (==) No Layout section.  Using the first Screen section.
[   163.502] (==) No screen section available. Using defaults.
[   163.502] (**) |-->Screen "Default Screen Section" (0)
[   163.502] (**) |   |-->Monitor "<default monitor>"
[   163.508] (==) No device specified for screen "Default Screen Section".
	Using the first device section listed.
[   163.508] (**) |   |-->Device "Allwinner A10/A13 FBDEV"
[   163.508] (==) No monitor specified for screen "Default Screen Section".
	Using a default monitor configuration.
[   163.508] (==) Automatically adding devices
[   163.508] (==) Automatically enabling devices
[   163.508] (==) Automatically adding GPU devices
[   163.508] (==) Max clients allowed: 256, resource mask: 0x1fffff
[   163.517] (WW) The directory "/usr/share/fonts/X11/misc" does not exist.
[   163.517] 	Entry deleted from font path.
[   163.517] (WW) The directory "/usr/share/fonts/X11/cyrillic" does not exist.
[   163.517] 	Entry deleted from font path.
[   163.517] (WW) The directory "/usr/share/fonts/X11/100dpi/" does not exist.
[   163.517] 	Entry deleted from font path.
[   163.517] (WW) The directory "/usr/share/fonts/X11/75dpi/" does not exist.
[   163.517] 	Entry deleted from font path.
[   163.518] (WW) The directory "/usr/share/fonts/X11/100dpi" does not exist.
[   163.518] 	Entry deleted from font path.
[   163.518] (WW) The directory "/usr/share/fonts/X11/75dpi" does not exist.
[   163.518] 	Entry deleted from font path.
[   163.518] (==) FontPath set to:
	/usr/share/fonts/X11/Type1,
	built-ins
[   163.518] (==) ModulePath set to "/usr/lib/xorg/modules"
[   163.518] (II) The server relies on udev to provide the list of input devices.
	If no devices become available, reconfigure udev or disable AutoAddDevices.
[   163.518] (II) Loader magic: 0x64ef20
[   163.518] (II) Module ABI versions:
[   163.518] 	X.Org ANSI C Emulation: 0.4
[   163.518] 	X.Org Video Driver: 20.0
[   163.518] 	X.Org XInput driver : 22.1
[   163.518] 	X.Org Server Extension : 9.0
[   163.521] (++) using VT number 1

[   163.521] (--) controlling tty is VT number 1, auto-enabling KeepTty
[   163.524] (II) systemd-logind: took control of session /org/freedesktop/login1/session/c1
[   163.525] (II) no primary bus or device found
[   163.526] (II) LoadModule: "glx"
[   163.528] (II) Loading /usr/lib/xorg/modules/extensions/libglx.so
[   163.584] (II) Module glx: vendor="X.Org Foundation"
[   163.584] 	compiled for 1.18.4, module version = 1.0.0
[   163.584] 	ABI class: X.Org Server Extension, version 9.0
[   163.584] (==) AIGLX enabled
[   163.584] (II) LoadModule: "fbturbo"
[   163.584] (II) Loading /usr/lib/xorg/modules/drivers/fbturbo_drv.so
[   163.588] (II) Module fbturbo: vendor="X.Org Foundation"
[   163.588] 	compiled for 1.18.4, module version = 0.5.1
[   163.588] 	Module class: X.Org Video Driver
[   163.588] 	ABI class: X.Org Video Driver, version 20.0
[   163.588] (II) FBTURBO: driver for framebuffer: fbturbo
[   163.589] (WW) Falling back to old probe method for fbturbo
[   163.589] (II) Loading sub module "fbdevhw"
[   163.589] (II) LoadModule: "fbdevhw"
[   163.589] (II) Loading /usr/lib/xorg/modules/libfbdevhw.so
[   163.591] (II) Module fbdevhw: vendor="X.Org Foundation"
[   163.591] 	compiled for 1.18.4, module version = 0.0.2
[   163.591] 	ABI class: X.Org Video Driver, version 20.0
[   163.592] (II) FBTURBO(0): using /dev/fb0
[   163.592] (WW) VGA arbiter: cannot open kernel arbiter, no multi-card support
[   163.592] (II) FBTURBO(0): Creating default Display subsection in Screen section
	"Default Screen Section" for depth/fbbpp 24/32
[   163.592] (==) FBTURBO(0): Depth 24, (==) framebuffer bpp 32
[   163.592] (==) FBTURBO(0): RGB weight 888
[   163.592] (==) FBTURBO(0): Default visual is TrueColor
[   163.592] (==) FBTURBO(0): Using gamma correction (1.0, 1.0, 1.0)
[   163.592] (II) FBTURBO(0): hardware: BCM2708 FB (video memory: 1200kB)
[   163.592] (**) FBTURBO(0): Option "fbdev" "/dev/fb0"
[   163.592] (**) FBTURBO(0): Option "SwapbuffersWait" "true"
[   163.592] (II) FBTURBO(0): processor: Unknown
[   163.593] (II) FBTURBO(0): checking modes against framebuffer device...
[   163.593] (II) FBTURBO(0): checking modes against monitor...
[   163.593] (--) FBTURBO(0): Virtual size is 640x480 (pitch 640)
[   163.593] (**) FBTURBO(0):  Built-in mode "current"
[   163.593] (==) FBTURBO(0): DPI set to (96, 96)
[   163.593] (II) Loading sub module "fb"
[   163.593] (II) LoadModule: "fb"
[   163.593] (II) Loading /usr/lib/xorg/modules/libfb.so
[   163.599] (II) Module fb: vendor="X.Org Foundation"
[   163.599] 	compiled for 1.18.4, module version = 1.0.0
[   163.599] 	ABI class: X.Org ANSI C Emulation, version 0.4
[   163.599] (==) Depth 24 pixmap format is 32 bpp
[   163.622] (II) FBTURBO(0): using backing store heuristics
[   163.624] (WW) LoadKernelModule: Setting of real/effective user Id to 0/0 failed[   163.630] (II) FBTURBO(0): can't load 'g2d_23' kernel module
[   163.630] (II) FBTURBO(0): failed to enable the use of sunxi display controller
[   163.630] (II) FBTURBO(0): No sunxi-g2d hardware detected (check /dev/disp and /dev/g2d)
[   163.630] (II) FBTURBO(0): G2D hardware acceleration can't be enabled
[   163.630] (II) FBTURBO(0): enabled fbdev copyarea acceleration
[   163.630] (==) FBTURBO(0): Backing store enabled
[   163.640] (==) FBTURBO(0): DPMS enabled
[   163.640] (II) FBTURBO(0): failed to enable hardware cursor
[   163.640] (II) FBTURBO(0): no 3D acceleration because the driver has been compiled without libUMP
[   163.640] (II) FBTURBO(0): if this is wrong and needs to be fixed, please check ./configure log
[   163.642] (==) RandR enabled
[   163.670] (II) SELinux: Disabled on system
[   163.675] (II) AIGLX: Screen 0 is not DRI2 capable
[   163.675] (EE) AIGLX: reverting to software rendering
[   165.020] (II) AIGLX: enabled GLX_MESA_copy_sub_buffer
[   165.023] (II) AIGLX: Loaded and initialized swrast
[   165.023] (II) GLX: Initialized DRISWRAST GL provider for screen 0
[   165.195] (II) config/udev: Adding input device Logitech K370s/K375s (/dev/input/event1)
[   165.195] (**) Logitech K370s/K375s: Applying InputClass "libinput keyboard catchall"
[   165.195] (II) LoadModule: "libinput"
[   165.197] (II) Loading /usr/lib/xorg/modules/input/libinput_drv.so
[   165.222] (II) Module libinput: vendor="X.Org Foundation"
[   165.222] 	compiled for 1.18.4, module version = 0.20.0
[   165.223] 	Module class: X.Org XInput Driver
[   165.223] 	ABI class: X.Org XInput driver, version 22.1
[   165.224] (II) systemd-logind: got fd for /dev/input/event1 13:65 fd 11 paused 0
[   165.224] (II) Using input driver 'libinput' for 'Logitech K370s/K375s'
[   165.224] (**) Logitech K370s/K375s: always reports core events
[   165.224] (**) Option "Device" "/dev/input/event1"
[   165.225] (**) Option "_source" "server/udev"
[   165.226] (II) input device 'Logitech K370s/K375s', /dev/input/event1 is tagged by udev as: Keyboard
[   165.227] (II) input device 'Logitech K370s/K375s', /dev/input/event1 is a keyboard
[   165.227] (II) libinput: Logitech K370s/K375s: needs a virtual subdevice
[   165.227] (**) Option "config_info" "udev:/sys/devices/platform/soc/3f980000.usb/usb1/1-1/1-1.2/1-1.2:1.2/0003:046D:C52B.0003/0003:046D:4061.0005/input/input1/event1"
[   165.227] (II) XINPUT: Adding extended input device "Logitech K370s/K375s" (type: MOUSE, id 6)
[   165.228] (**) Option "AccelerationScheme" "none"
[   165.228] (**) Logitech K370s/K375s: (accel) selected scheme none/0
[   165.228] (**) Logitech K370s/K375s: (accel) acceleration factor: 2.000
[   165.228] (**) Logitech K370s/K375s: (accel) acceleration threshold: 4
[   165.229] (II) input device 'Logitech K370s/K375s', /dev/input/event1 is tagged by udev as: Keyboard
[   165.229] (II) input device 'Logitech K370s/K375s', /dev/input/event1 is a keyboard
[   165.232] (II) config/udev: Adding input device Logitech MX Master 2S (/dev/input/event0)
[   165.232] (**) Logitech MX Master 2S: Applying InputClass "libinput pointer catchall"
[   165.232] (**) Logitech MX Master 2S: Applying InputClass "libinput keyboard catchall"
[   165.234] (II) systemd-logind: got fd for /dev/input/event0 13:64 fd 14 paused 0
[   165.234] (II) Using input driver 'libinput' for 'Logitech MX Master 2S'
[   165.234] (**) Logitech MX Master 2S: always reports core events
[   165.234] (**) Option "Device" "/dev/input/event0"
[   165.234] (**) Option "_source" "server/udev"
[   165.236] (II) input device 'Logitech MX Master 2S', /dev/input/event0 is tagged by udev as: Keyboard Mouse
[   165.236] (II) input device 'Logitech MX Master 2S', /dev/input/event0 is a pointer caps
[   165.236] (II) input device 'Logitech MX Master 2S', /dev/input/event0 is a keyboard
[   165.236] (II) libinput: Logitech MX Master 2S: needs a virtual subdevice
[   165.236] (**) Option "config_info" "udev:/sys/devices/platform/soc/3f980000.usb/usb1/1-1/1-1.2/1-1.2:1.2/0003:046D:C52B.0003/0003:046D:4069.0004/input/input0/event0"
[   165.236] (II) XINPUT: Adding extended input device "Logitech MX Master 2S" (type: MOUSE, id 7)
[   165.237] (**) Option "AccelerationScheme" "none"
[   165.237] (**) Logitech MX Master 2S: (accel) selected scheme none/0
[   165.237] (**) Logitech MX Master 2S: (accel) acceleration factor: 2.000
[   165.237] (**) Logitech MX Master 2S: (accel) acceleration threshold: 4
[   165.238] (II) input device 'Logitech MX Master 2S', /dev/input/event0 is tagged by udev as: Keyboard Mouse
[   165.238] (II) input device 'Logitech MX Master 2S', /dev/input/event0 is a pointer caps
[   165.239] (II) input device 'Logitech MX Master 2S', /dev/input/event0 is a keyboard
[   165.241] (II) config/udev: Adding input device Logitech MX Master 2S (/dev/input/mouse0)
[   165.241] (II) No input driver specified, ignoring this device.
[   165.241] (II) This device may have been added with another device file.
[   165.257] (**) Logitech K370s/K375s: Applying InputClass "libinput keyboard catchall"
[   165.257] (II) systemd-logind: returning pre-existing fd for /dev/input/event1 13:65
[   165.257] (II) Using input driver 'libinput' for 'Logitech K370s/K375s'
[   165.257] (**) Logitech K370s/K375s: always reports core events
[   165.257] (**) Option "Device" "/dev/input/event1"
[   165.257] (**) Option "_source" "_driver/libinput"
[   165.257] (II) libinput: Logitech K370s/K375s: is a virtual subdevice
[   165.257] (**) Option "config_info" "udev:/sys/devices/platform/soc/3f980000.usb/usb1/1-1/1-1.2/1-1.2:1.2/0003:046D:C52B.0003/0003:046D:4061.0005/input/input1/event1"
[   165.257] (II) XINPUT: Adding extended input device "Logitech K370s/K375s" (type: KEYBOARD, id 8)
[   165.258] (**) Option "xkb_model" "pc105"
[   165.258] (**) Option "xkb_layout" "de"
[   165.258] (**) Option "xkb_variant" "nodeadkeys"
[   165.347] (**) Logitech MX Master 2S: Applying InputClass "libinput pointer catchall"
[   165.348] (**) Logitech MX Master 2S: Applying InputClass "libinput keyboard catchall"
[   165.348] (II) systemd-logind: returning pre-existing fd for /dev/input/event0 13:64
[   165.348] (II) Using input driver 'libinput' for 'Logitech MX Master 2S'
[   165.348] (**) Logitech MX Master 2S: always reports core events
[   165.348] (**) Option "Device" "/dev/input/event0"
[   165.348] (**) Option "_source" "_driver/libinput"
[   165.348] (II) libinput: Logitech MX Master 2S: is a virtual subdevice
[   165.348] (**) Option "config_info" "udev:/sys/devices/platform/soc/3f980000.usb/usb1/1-1/1-1.2/1-1.2:1.2/0003:046D:C52B.0003/0003:046D:4069.0004/input/input0/event0"
[   165.348] (II) XINPUT: Adding extended input device "Logitech MX Master 2S" (type: KEYBOARD, id 9)
[   165.348] (**) Option "xkb_model" "pc105"
[   165.348] (**) Option "xkb_layout" "de"
[   165.348] (**) Option "xkb_variant" "nodeadkeys"
[   200.808] (**) Option "fd" "11"
[   200.808] (**) Option "fd" "14"
[   200.809] (**) Option "fd" "11"
[   200.809] (**) Option "fd" "14"
[   200.812] (II) UnloadModule: "libinput"
[   200.812] (II) systemd-logind: not releasing fd for 13:64, still in use
[   200.812] (II) UnloadModule: "libinput"
[   200.812] (II) systemd-logind: not releasing fd for 13:65, still in use
[   200.812] (II) UnloadModule: "libinput"
[   200.812] (II) systemd-logind: releasing fd for 13:64
[   200.926] (EE) systemd-logind: failed to release device: Connection was disconnected before a reply was received
[   200.926] (II) UnloadModule: "libinput"
[   200.926] (II) systemd-logind: releasing fd for 13:65
[   200.926] (EE) systemd-logind: failed to release device: Connection is closed
[   200.939] (WW) xf86CloseConsole: KDSETMODE failed: Input/output error
[   200.940] (WW) xf86CloseConsole: VT_GETMODE failed: Input/output error
[   200.940] (WW) xf86CloseConsole: VT_ACTIVATE failed: Input/output error
[   200.940] (EE) systemd-logind: ReleaseControl failed: Connection is closed
[   200.940] (II) Server terminated successfully (0). Closing log file.
